TN:
SF:02-ratelimitter.js
FN:17,rateLimit
FNF:1
FNH:1
FNDA:18,rateLimit
DA:1,1
DA:2,1
DA:3,1
DA:4,1
DA:5,1
DA:6,1
DA:7,1
DA:8,1
DA:9,1
DA:10,1
DA:11,1
DA:12,1
DA:13,1
DA:14,1
DA:15,1
DA:16,1
DA:17,18
DA:18,18
DA:19,18
DA:20,83
DA:21,18
DA:22,18
DA:23,18
DA:24,18
DA:25,18
DA:26,18
DA:27,3
DA:28,3
DA:29,3
DA:30,3
DA:31,18
DA:32,15
DA:33,15
DA:34,18
DA:35,1
DA:36,1
DA:37,1
DA:38,1
DA:39,1
DA:40,15
DA:41,1
DA:42,1
DA:43,1
DA:44,0
DA:45,1
DA:46,1
DA:47,1
DA:48,1
DA:49,1
LF:49
LH:48
BRDA:17,0,0,18
BRDA:26,1,0,3
BRDA:31,2,0,15
BRDA:19,3,0,83
BRDA:39,4,0,15
BRF:5
BRH:5
end_of_record
