TN:
SF:01-requestcount.js
FN:8,count
FNF:1
FNH:1
FNDA:12,count
DA:1,1
DA:2,1
DA:3,1
DA:4,1
DA:5,1
DA:6,1
DA:7,1
DA:8,12
DA:9,12
DA:10,12
DA:11,12
DA:12,1
DA:13,1
DA:14,1
DA:15,1
DA:16,1
DA:17,1
DA:18,1
DA:19,1
DA:20,1
DA:21,10
DA:22,1
DA:23,1
DA:24,1
DA:25,0
DA:26,1
DA:27,1
DA:28,1
DA:29,2
DA:30,1
DA:31,1
DA:32,1
LF:32
LH:31
BRDA:8,0,0,12
BRDA:20,1,0,10
BRDA:28,2,0,2
BRF:3
BRH:3
end_of_record
TN:
SF:02-ratelimitter.js
FNF:0
FNH:0
DA:1,1
DA:2,1
DA:3,1
DA:4,1
DA:5,1
DA:6,1
DA:7,1
DA:8,1
DA:9,1
DA:10,1
DA:11,1
DA:12,1
DA:13,1
DA:14,1
DA:15,1
DA:16,1
DA:17,2
DA:18,1
DA:19,1
DA:20,1
DA:21,13
DA:22,13
DA:23,13
DA:24,11
DA:25,11
DA:26,7
DA:27,11
DA:28,4
DA:29,4
DA:30,13
DA:31,2
DA:32,2
DA:33,2
DA:34,13
DA:35,1
DA:36,1
DA:37,6
DA:38,6
DA:39,6
DA:40,1
DA:41,1
DA:42,1
DA:43,0
DA:44,1
DA:45,1
DA:46,1
DA:47,1
DA:48,1
LF:48
LH:47
BRDA:16,0,0,2
BRDA:20,1,0,13
BRDA:23,2,0,11
BRDA:25,3,0,7
BRDA:27,4,0,4
BRDA:30,5,0,2
BRDA:36,6,0,6
BRF:7
BRH:7
end_of_record
TN:
SF:03-errorcount.js
FNF:0
FNH:0
DA:1,1
DA:2,1
DA:3,1
DA:4,1
DA:5,1
DA:6,1
DA:7,1
DA:8,1
DA:9,1
DA:10,1
DA:11,1
DA:12,1
DA:13,1
DA:14,11
DA:15,0
DA:16,1
DA:17,1
DA:18,1
DA:19,0
DA:20,1
DA:21,1
DA:22,1
DA:23,2
DA:24,1
DA:25,1
DA:26,1
DA:27,11
DA:28,11
DA:29,11
DA:30,1
DA:31,1
LF:31
LH:29
BRDA:13,0,0,11
BRDA:14,1,0,0
BRDA:22,2,0,2
BRDA:26,3,0,11
BRF:4
BRH:3
end_of_record
